SF:lib\core\error\exceptions.dart
DA:7,2
DA:13,0
DA:15,0
DA:21,1
DA:30,0
DA:39,2
DA:48,1
DA:57,0
DA:66,0
DA:75,0
DA:84,0
LF:11
LH:4
end_of_record
SF:lib\core\error\failures.dart
DA:6,6
DA:11,0
DA:13,0
DA:16,3
DA:19,1
DA:20,3
DA:21,3
DA:24,0
DA:25,0
DA:30,3
DA:33,2
DA:38,3
DA:41,3
DA:46,0
DA:49,0
DA:54,2
DA:57,1
DA:62,0
DA:65,0
DA:70,0
DA:73,0
DA:78,2
DA:81,1
DA:86,0
DA:89,0
DA:94,0
DA:97,0
LF:27
LH:13
end_of_record
SF:lib\features\auth\data\repositories\http_auth_repository.dart
DA:13,1
DA:17,1
DA:20,2
DA:21,2
DA:22,1
DA:23,2
DA:24,1
DA:25,2
DA:27,1
DA:28,3
DA:29,1
DA:30,3
DA:32,0
DA:36,1
DA:44,2
DA:50,2
DA:51,1
DA:52,2
DA:53,1
DA:54,2
DA:56,0
DA:57,0
DA:58,0
DA:59,0
DA:61,0
DA:65,1
DA:68,2
DA:70,1
DA:71,2
DA:72,1
DA:73,2
DA:75,0
DA:76,0
DA:77,0
DA:78,0
DA:80,0
DA:84,1
DA:87,2
DA:88,2
DA:89,1
DA:90,2
DA:91,1
DA:92,2
DA:94,0
DA:95,0
DA:96,0
DA:97,0
DA:99,0
DA:103,0
DA:106,0
DA:107,0
DA:108,0
DA:109,0
DA:110,0
DA:111,0
DA:113,0
DA:114,0
DA:115,0
DA:116,0
DA:118,0
DA:122,0
DA:133,0
DA:134,0
DA:135,0
DA:136,0
DA:137,0
DA:138,0
DA:140,0
DA:141,0
DA:142,0
DA:143,0
DA:145,0
DA:149,0
DA:157,0
DA:159,0
DA:160,0
DA:161,0
DA:162,0
DA:164,0
DA:165,0
DA:166,0
DA:167,0
DA:169,0
DA:173,0
DA:176,0
DA:178,0
DA:179,0
DA:180,0
DA:181,0
DA:183,0
DA:184,0
DA:185,0
DA:186,0
DA:188,0
LF:94
LH:32
end_of_record
SF:lib\features\auth\domain\entities\user.dart
DA:15,2
DA:30,0
DA:31,0
DA:32,0
DA:33,0
DA:34,0
DA:35,0
DA:36,0
DA:38,0
DA:43,0
DA:44,0
DA:48,0
DA:49,0
DA:50,0
DA:51,0
DA:52,0
DA:56,0
DA:69,0
DA:70,0
DA:71,0
DA:72,0
DA:73,0
DA:74,0
DA:75,0
DA:76,0
DA:77,0
DA:78,0
DA:79,0
DA:80,0
DA:85,0
DA:86,0
DA:87,0
DA:88,0
DA:89,0
DA:90,0
DA:91,0
DA:92,0
DA:93,0
DA:94,0
DA:95,0
DA:96,0
DA:97,0
DA:102,0
DA:103,0
DA:104,0
DA:105,0
DA:106,0
DA:107,0
DA:108,0
DA:109,0
DA:110,0
DA:112,0
DA:113,0
DA:114,0
DA:115,0
DA:116,0
DA:120,2
DA:123,4
DA:126,0
DA:127,0
DA:129,0
DA:131,0
LF:62
LH:3
end_of_record
SF:lib\features\auth\data\models\user_model.dart
DA:5,1
DA:18,1
DA:33,0
DA:34,0
DA:35,0
DA:36,0
DA:37,0
DA:38,0
DA:39,0
DA:40,0
DA:41,0
DA:43,0
DA:44,0
DA:45,0
DA:46,0
DA:47,0
DA:52,0
DA:53,0
DA:54,0
DA:55,0
DA:56,0
DA:57,0
DA:58,0
DA:59,0
DA:60,0
DA:61,0
DA:62,0
DA:63,0
DA:64,0
DA:69,1
DA:70,1
DA:71,1
DA:72,1
DA:73,1
DA:74,1
DA:75,1
DA:76,1
DA:77,1
DA:78,1
DA:79,1
DA:80,1
DA:81,1
DA:86,0
DA:99,0
DA:100,0
DA:101,0
DA:102,0
DA:103,0
DA:104,0
DA:105,0
DA:106,0
DA:107,0
DA:108,0
DA:109,0
DA:110,0
LF:55
LH:15
end_of_record
SF:lib\core\providers\app_providers.dart
DA:19,5
DA:22,4
DA:23,1
DA:24,2
DA:29,4
DA:30,1
DA:31,2
DA:36,0
DA:37,0
DA:40,4
DA:41,3
DA:44,0
DA:45,0
DA:48,0
DA:49,0
DA:52,0
DA:53,0
DA:56,0
DA:57,0
DA:60,0
DA:61,0
DA:65,2
DA:66,1
DA:67,0
DA:68,0
DA:69,0
DA:70,0
DA:74,2
DA:75,2
DA:76,1
DA:77,2
DA:82,0
DA:83,0
DA:97,0
DA:98,0
DA:113,0
DA:117,0
DA:118,0
DA:122,0
DA:123,0
DA:127,0
DA:128,0
DA:129,0
DA:133,0
DA:134,0
DA:137,0
DA:141,0
DA:142,0
LF:48
LH:15
end_of_record
SF:lib\features\ecommerce\domain\usecases\ecommerce_usecases.dart
DA:14,2
DA:26,2
DA:28,1
DA:30,2
DA:31,1
DA:32,1
DA:33,1
DA:34,1
DA:43,2
DA:50,1
DA:52,1
DA:54,3
DA:65,0
DA:77,0
DA:79,0
DA:81,0
DA:82,0
DA:83,0
DA:84,0
DA:85,0
DA:97,0
DA:109,0
DA:111,0
DA:113,0
DA:114,0
DA:115,0
DA:116,0
DA:117,0
DA:129,0
DA:141,0
DA:143,0
DA:145,0
DA:146,0
DA:147,0
DA:148,0
DA:149,0
DA:158,1
DA:160,0
DA:162,0
DA:170,0
DA:177,1
DA:179,0
DA:181,0
LF:43
LH:14
end_of_record
SF:lib\features\ecommerce\data\repositories\ecommerce_repository_impl.dart
DA:13,1
DA:17,0
DA:28,0
DA:31,0
DA:38,0
DA:39,0
DA:40,0
DA:41,0
DA:42,0
DA:44,0
DA:45,0
DA:47,0
DA:51,1
DA:54,2
DA:55,0
DA:56,1
DA:57,2
DA:58,1
DA:59,2
DA:61,0
DA:62,0
DA:64,0
DA:68,0
DA:76,0
DA:83,0
DA:84,0
DA:85,0
DA:86,0
DA:87,0
DA:89,0
DA:90,0
DA:92,0
DA:96,0
DA:104,0
DA:112,0
DA:113,0
DA:114,0
DA:115,0
DA:116,0
DA:117,0
DA:119,0
DA:120,0
DA:122,0
DA:126,0
DA:137,0
DA:140,0
DA:147,0
DA:148,0
DA:149,0
DA:150,0
DA:151,0
DA:153,0
DA:154,0
DA:156,0
DA:160,0
DA:163,0
DA:164,0
DA:165,0
DA:166,0
DA:167,0
DA:168,0
DA:170,0
DA:171,0
DA:173,0
DA:177,0
DA:180,0
DA:181,0
DA:182,0
DA:183,0
DA:184,0
DA:185,0
DA:187,0
DA:188,0
DA:190,0
LF:74
LH:7
end_of_record
SF:lib\features\ecommerce\data\datasources\ecommerce_remote_data_source.dart
DA:55,1
DA:60,0
DA:69,0
DA:71,0
DA:72,0
DA:77,0
DA:78,0
DA:80,0
DA:81,0
DA:83,0
DA:84,0
DA:86,0
DA:87,0
DA:89,0
DA:90,0
DA:92,0
DA:93,0
DA:95,0
DA:96,0
DA:98,0
DA:99,0
DA:101,0
DA:102,0
DA:106,0
DA:111,0
DA:113,0
DA:119,0
DA:120,0
DA:121,0
DA:123,0
DA:124,0
DA:125,0
DA:129,0
DA:130,0
DA:131,0
DA:137,1
DA:140,3
DA:142,2
DA:144,1
DA:150,2
DA:151,0
DA:152,0
DA:153,2
DA:156,1
DA:157,2
DA:158,1
DA:162,1
DA:163,0
DA:164,0
DA:170,0
DA:178,0
DA:180,0
DA:181,0
DA:185,0
DA:188,0
DA:192,0
DA:194,0
DA:200,0
DA:201,0
DA:202,0
DA:204,0
DA:205,0
DA:206,0
DA:210,0
DA:211,0
DA:212,0
DA:218,0
DA:226,0
DA:227,0
DA:231,0
DA:234,0
DA:236,0
DA:237,0
DA:240,0
DA:244,0
DA:246,0
DA:252,0
DA:253,0
DA:254,0
DA:256,0
DA:257,0
DA:259,0
DA:261,0
DA:265,0
DA:266,0
DA:267,0
DA:271,0
DA:272,0
DA:273,0
DA:279,0
DA:287,0
DA:288,0
DA:289,0
DA:294,0
DA:295,0
DA:297,0
DA:298,0
DA:300,0
DA:301,0
DA:303,0
DA:304,0
DA:306,0
DA:307,0
DA:309,0
DA:310,0
DA:312,0
DA:313,0
DA:315,0
DA:316,0
DA:319,0
DA:323,0
DA:325,0
DA:331,0
DA:332,0
DA:333,0
DA:335,0
DA:336,0
DA:337,0
DA:341,0
DA:342,0
DA:343,0
DA:349,0
DA:352,0
DA:354,0
DA:356,0
DA:362,0
DA:363,0
DA:364,0
DA:365,0
DA:367,0
DA:369,0
DA:373,0
DA:374,0
DA:375,0
DA:379,0
DA:380,0
DA:381,0
DA:387,0
DA:390,0
DA:392,0
DA:395,0
DA:396,0
DA:399,0
DA:401,0
DA:407,0
DA:408,0
DA:409,0
DA:410,0
DA:412,0
DA:414,0
DA:418,0
DA:419,0
DA:420,0
DA:424,0
DA:425,0
DA:426,0
LF:156
LH:11
end_of_record
SF:lib\features\ecommerce\presentation\notifiers\product_search_notifier.dart
DA:14,1
DA:21,1
DA:24,1
DA:25,2
DA:27,3
DA:35,3
DA:39,2
DA:42,1
DA:43,0
DA:44,0
DA:48,0
DA:53,1
DA:54,3
DA:58,1
DA:59,1
DA:60,1
DA:61,1
DA:62,1
DA:63,1
DA:64,5
DA:72,0
DA:73,0
DA:75,0
DA:77,0
DA:78,0
DA:79,0
DA:80,0
DA:81,0
DA:84,0
DA:85,0
DA:86,0
DA:92,0
DA:93,0
DA:94,0
DA:99,0
DA:100,0
DA:107,0
DA:108,0
DA:112,0
DA:113,0
DA:117,0
DA:118,0
DA:122,0
DA:123,0
DA:127,0
DA:128,0
DA:132,0
DA:133,0
DA:134,0
DA:135,0
DA:136,0
DA:141,0
DA:142,0
DA:143,0
DA:144,0
DA:145,0
LF:56
LH:17
end_of_record
SF:lib\features\ecommerce\presentation\notifiers\product_search_state.dart
DA:22,9
DA:40,0
DA:43,4
DA:46,0
DA:49,1
DA:50,2
DA:51,5
DA:52,5
DA:53,2
DA:56,1
DA:72,1
DA:73,1
DA:74,1
DA:75,0
DA:76,1
DA:77,1
DA:78,1
DA:79,1
DA:80,0
DA:81,1
DA:82,0
DA:83,1
DA:84,1
DA:85,1
DA:86,1
DA:90,0
DA:91,0
DA:92,0
DA:93,0
DA:94,0
DA:95,0
DA:96,0
DA:97,0
DA:98,0
DA:99,0
DA:100,0
DA:101,0
DA:102,0
DA:103,0
DA:104,0
DA:105,0
DA:108,0
DA:110,0
LF:43
LH:20
end_of_record
SF:lib\features\ecommerce\presentation\notifiers\product_detail_notifier.dart
DA:10,2
DA:13,2
DA:16,2
DA:17,6
DA:20,6
DA:22,2
DA:23,2
DA:24,6
DA:26,2
DA:29,1
DA:30,3
DA:35,1
DA:40,3
DA:42,2
DA:48,1
DA:49,3
DA:53,1
DA:59,1
DA:60,2
DA:62,4
DA:63,2
DA:64,3
DA:69,1
DA:70,2
DA:72,3
DA:73,1
DA:75,3
DA:79,0
DA:80,0
DA:84,0
DA:85,0
DA:89,1
DA:90,3
DA:91,1
DA:93,3
DA:97,1
DA:98,2
DA:102,5
DA:109,0
DA:110,0
DA:112,0
DA:117,0
DA:119,0
DA:125,0
DA:126,0
DA:127,0
DA:131,0
DA:133,0
DA:139,0
DA:140,0
DA:144,0
DA:145,0
LF:52
LH:34
end_of_record
SF:lib\features\ecommerce\presentation\notifiers\product_detail_state.dart
DA:16,9
DA:29,0
DA:30,0
DA:33,0
DA:37,0
DA:38,0
DA:39,0
DA:47,0
DA:48,0
DA:49,0
DA:50,0
DA:51,0
DA:52,0
DA:53,0
DA:57,0
DA:58,0
DA:59,0
DA:60,0
DA:64,0
DA:65,0
DA:66,0
DA:70,0
DA:71,0
DA:72,0
DA:75,0
DA:76,0
DA:77,0
DA:78,0
DA:79,0
DA:80,0
DA:81,0
DA:82,0
DA:83,0
DA:84,0
DA:85,0
DA:88,2
DA:99,2
DA:100,2
DA:101,1
DA:103,2
DA:104,2
DA:105,2
DA:106,2
DA:107,2
DA:108,2
DA:113,0
DA:114,0
DA:118,0
DA:119,0
LF:49
LH:11
end_of_record
SF:lib\features\ecommerce\presentation\notifiers\cart_notifier.dart
DA:7,0
DA:10,0
DA:11,0
DA:12,0
DA:13,0
DA:14,0
DA:17,0
DA:19,0
DA:20,0
DA:21,0
DA:23,0
DA:26,0
DA:32,0
DA:37,0
DA:38,0
DA:39,0
DA:40,0
DA:41,0
DA:42,0
DA:44,0
DA:48,0
DA:49,0
DA:50,0
DA:54,0
DA:55,0
DA:56,0
DA:57,0
DA:60,0
DA:61,0
DA:62,0
DA:63,0
DA:68,0
DA:69,0
DA:73,0
DA:75,0
DA:76,0
DA:77,0
DA:78,0
DA:80,0
LF:39
LH:0
end_of_record
SF:lib\features\ecommerce\presentation\notifiers\cart_state.dart
DA:9,7
DA:15,0
DA:20,0
DA:21,0
DA:22,0
DA:23,0
DA:28,0
DA:31,0
DA:34,0
DA:37,0
DA:40,0
DA:50,0
DA:57,0
DA:63,0
DA:64,0
DA:65,0
DA:66,0
DA:67,0
LF:18
LH:1
end_of_record
SF:lib\features\ecommerce\presentation\notifiers\favorites_notifier.dart
DA:5,0
DA:8,0
DA:9,0
DA:13,0
DA:14,0
DA:18,0
DA:19,0
DA:20,0
DA:22,0
DA:27,0
DA:28,0
DA:32,0
DA:33,0
DA:37,0
LF:14
LH:0
end_of_record
SF:lib\core\usecases\usecase.dart
DA:16,7
LF:1
LH:1
end_of_record
SF:lib\features\ecommerce\data\models\product_model.dart
DA:5,0
DA:14,0
DA:15,0
DA:16,0
DA:17,0
DA:18,0
DA:19,0
DA:20,0
DA:25,0
DA:26,0
DA:27,0
DA:28,0
DA:29,0
DA:30,0
DA:31,0
DA:36,0
DA:37,0
DA:38,0
DA:39,0
DA:40,0
DA:41,0
DA:42,0
DA:49,0
DA:72,0
DA:74,0
DA:75,0
DA:76,0
DA:77,0
DA:78,0
DA:82,0
DA:83,0
DA:84,0
DA:88,0
DA:89,0
DA:90,0
DA:93,0
DA:94,0
DA:95,0
DA:96,0
DA:97,0
DA:98,0
DA:99,0
DA:100,0
DA:101,0
DA:104,0
DA:105,0
DA:106,0
DA:107,0
DA:108,0
DA:109,0
DA:110,0
DA:111,0
DA:113,0
DA:114,0
DA:121,0
DA:122,0
DA:123,0
DA:124,0
DA:125,0
DA:126,0
DA:127,0
DA:128,0
DA:129,0
DA:130,0
DA:131,0
DA:132,0
DA:133,0
DA:134,0
DA:135,0
DA:136,0
DA:137,0
DA:138,0
DA:139,0
DA:140,0
DA:141,0
DA:146,0
DA:147,0
DA:148,0
DA:149,0
DA:150,0
DA:151,0
DA:152,0
DA:153,0
DA:154,0
DA:155,0
DA:156,0
DA:157,0
DA:158,0
DA:159,0
DA:160,0
DA:161,0
DA:162,0
DA:163,0
DA:164,0
DA:165,0
DA:166,0
DA:173,0
DA:188,0
DA:190,0
DA:191,0
DA:192,0
DA:196,0
DA:197,0
DA:198,0
DA:203,0
DA:204,0
DA:205,0
DA:206,0
DA:207,0
DA:213,0
DA:214,0
DA:215,0
DA:216,0
DA:217,0
DA:221,0
DA:222,0
DA:223,0
DA:224,0
DA:225,0
DA:229,0
DA:230,0
DA:231,0
DA:237,0
DA:238,0
DA:239,0
DA:240,0
DA:241,0
DA:242,0
DA:243,0
DA:244,0
DA:245,0
DA:246,0
DA:247,0
DA:248,0
DA:249,0
DA:254,0
DA:255,0
DA:256,0
DA:257,0
DA:258,0
DA:259,0
DA:260,0
DA:261,0
DA:262,0
DA:263,0
DA:264,0
DA:265,0
DA:266,0
DA:273,0
DA:284,0
DA:286,0
DA:287,0
DA:288,0
DA:289,0
DA:290,0
DA:294,0
DA:295,0
DA:296,0
DA:297,0
DA:298,0
DA:299,0
DA:304,0
DA:306,0
DA:307,0
DA:308,0
DA:309,0
DA:311,0
DA:316,0
DA:317,0
DA:318,0
DA:319,0
DA:320,0
DA:321,0
DA:322,0
DA:323,0
DA:324,0
DA:329,0
DA:330,0
DA:331,0
DA:332,0
DA:333,0
DA:334,0
DA:335,0
DA:336,0
DA:337,0
LF:185
LH:0
end_of_record
SF:lib\features\ecommerce\domain\entities\product.dart
DA:27,3
DA:35,0
DA:36,0
DA:38,0
DA:45,0
DA:46,0
DA:47,0
DA:48,0
DA:49,0
DA:50,0
DA:54,0
DA:55,0
DA:80,3
DA:103,1
DA:105,4
DA:107,0
DA:112,0
DA:113,0
DA:117,1
DA:118,1
DA:122,0
DA:123,0
DA:124,0
DA:128,0
DA:129,0
DA:133,0
DA:134,0
DA:135,0
DA:139,1
DA:140,3
DA:144,0
DA:145,0
DA:146,0
DA:147,0
DA:152,0
DA:153,0
DA:156,0
DA:157,0
DA:158,0
DA:159,0
DA:160,0
DA:161,0
DA:162,0
DA:163,0
DA:164,0
DA:165,0
DA:166,0
DA:167,0
DA:168,0
DA:169,0
DA:170,0
DA:171,0
DA:172,0
DA:173,0
DA:174,0
DA:175,0
DA:176,0
DA:179,0
DA:200,0
DA:201,0
DA:202,0
DA:203,0
DA:204,0
DA:205,0
DA:206,0
DA:207,0
DA:208,0
DA:209,0
DA:210,0
DA:211,0
DA:212,0
DA:213,0
DA:214,0
DA:215,0
DA:216,0
DA:217,0
DA:218,0
DA:219,0
DA:223,0
DA:225,0
DA:243,4
DA:257,0
DA:258,0
DA:259,0
DA:260,0
DA:261,0
DA:262,0
DA:263,0
DA:264,0
DA:265,0
DA:266,0
DA:267,0
DA:268,0
DA:269,0
DA:272,0
DA:285,0
DA:286,0
DA:287,0
DA:288,0
DA:289,0
DA:290,0
DA:291,0
DA:292,0
DA:293,0
DA:294,0
DA:295,0
DA:296,0
DA:301,0
DA:302,0
DA:303,0
DA:304,0
DA:305,0
DA:306,0
DA:307,0
DA:308,0
DA:309,0
DA:310,0
DA:313,0
DA:315,0
DA:329,2
DA:340,0
DA:341,0
DA:345,0
DA:346,0
DA:349,0
DA:350,0
DA:351,0
DA:352,0
DA:353,0
DA:354,0
DA:355,0
DA:356,0
DA:357,0
DA:360,0
DA:369,0
DA:370,0
DA:371,0
DA:372,0
DA:373,0
DA:374,0
DA:375,0
DA:376,0
DA:380,0
DA:382,0
LF:144
LH:10
end_of_record
SF:lib\features\ecommerce\presentation\providers\cart_notifier.dart
DA:7,0
DA:10,0
DA:11,0
DA:12,0
DA:13,0
DA:16,0
DA:18,0
DA:19,0
DA:20,0
DA:24,0
DA:27,0
DA:31,0
DA:32,0
DA:33,0
DA:34,0
DA:35,0
DA:39,0
DA:40,0
DA:41,0
DA:45,0
DA:46,0
DA:47,0
DA:50,0
DA:52,0
DA:56,0
DA:57,0
DA:61,0
DA:62,0
DA:63,0
DA:68,3
DA:69,0
LF:31
LH:1
end_of_record
SF:lib\features\ecommerce\presentation\providers\cart_state.dart
DA:9,0
DA:12,0
DA:14,0
DA:18,0
DA:19,0
DA:20,0
DA:24,0
DA:27,0
DA:28,0
DA:29,0
DA:31,0
DA:32,0
DA:41,0
DA:43,0
DA:44,0
DA:46,0
DA:49,0
DA:50,0
DA:54,0
DA:55,0
DA:57,0
DA:59,0
DA:65,0
DA:66,0
LF:24
LH:0
end_of_record
SF:lib\features\ecommerce\presentation\providers\favorites_notifier.dart
DA:5,2
DA:8,0
DA:9,0
DA:10,0
DA:12,0
DA:17,0
DA:18,0
DA:19,0
DA:24,0
DA:25,0
DA:26,0
DA:31,0
DA:32,0
DA:36,0
DA:37,0
DA:41,0
DA:42,0
DA:47,6
DA:48,2
LF:19
LH:3
end_of_record
SF:lib\features\ecommerce\presentation\screens\product_detail_screen.dart
DA:17,1
DA:23,1
DA:24,1
DA:30,1
DA:32,1
DA:33,2
DA:36,3
DA:37,2
DA:38,0
DA:40,7
DA:45,1
DA:47,2
DA:48,1
DA:51,1
DA:53,3
DA:55,1
DA:56,1
DA:58,1
DA:59,2
DA:60,1
DA:61,1
DA:62,0
DA:63,1
DA:64,0
DA:69,0
DA:70,0
DA:72,0
DA:73,0
DA:74,0
DA:76,0
DA:79,0
DA:80,0
DA:82,0
DA:84,0
DA:86,0
DA:87,0
DA:88,0
DA:89,0
DA:98,0
DA:103,0
DA:108,0
DA:109,0
DA:111,0
DA:114,0
DA:116,0
DA:119,0
DA:121,0
DA:124,0
DA:126,0
DA:135,0
DA:136,0
DA:138,0
DA:141,0
DA:142,0
DA:143,0
DA:144,0
DA:147,0
DA:148,0
DA:149,0
DA:154,0
DA:155,0
DA:156,0
DA:158,0
DA:159,0
DA:160,0
DA:168,0
DA:169,0
DA:171,0
DA:173,0
DA:175,0
DA:176,0
DA:177,0
DA:178,0
DA:179,0
DA:184,0
DA:187,0
DA:188,0
DA:189,0
DA:194,0
DA:197,0
DA:198,0
DA:199,0
DA:200,0
DA:204,0
DA:205,0
DA:206,0
DA:211,0
DA:212,0
DA:213,0
DA:214,0
DA:223,0
DA:224,0
DA:225,0
DA:227,0
DA:229,0
DA:230,0
DA:231,0
DA:233,0
DA:235,0
DA:236,0
DA:237,0
DA:239,0
DA:240,0
DA:241,0
DA:243,0
DA:250,0
DA:251,0
DA:252,0
DA:253,0
DA:255,0
DA:264,0
DA:265,0
DA:267,0
DA:269,0
DA:271,0
DA:272,0
DA:273,0
DA:280,0
DA:283,0
DA:284,0
DA:285,0
DA:286,0
DA:295,0
DA:296,0
DA:299,0
DA:301,0
DA:302,0
DA:304,0
DA:309,0
DA:310,0
DA:312,0
DA:314,0
DA:315,0
DA:324,0
DA:325,0
DA:327,0
DA:328,0
DA:329,0
DA:337,0
DA:338,0
DA:340,0
DA:342,0
DA:343,0
DA:345,0
DA:350,0
DA:351,0
DA:352,0
DA:360,0
DA:361,0
DA:362,0
DA:364,0
DA:365,0
DA:367,0
DA:371,0
DA:372,0
DA:378,0
DA:379,0
DA:383,0
DA:389,0
DA:396,0
DA:397,0
DA:399,0
DA:401,0
DA:402,0
DA:403,0
DA:405,0
DA:406,0
DA:407,0
DA:409,0
DA:412,0
DA:414,0
DA:415,0
DA:417,0
DA:418,0
DA:421,0
DA:423,0
DA:435,0
DA:436,0
DA:437,0
DA:439,0
DA:441,0
DA:442,0
DA:443,0
DA:444,0
DA:445,0
DA:451,0
DA:452,0
DA:453,0
DA:455,0
DA:456,0
DA:460,0
DA:461,0
DA:462,0
DA:466,0
DA:467,0
DA:468,0
DA:475,0
DA:476,0
DA:477,0
DA:478,0
DA:481,0
DA:484,0
DA:486,0
DA:487,0
DA:490,0
DA:508,1
DA:509,1
DA:511,1
DA:512,1
DA:514,1
DA:516,1
DA:517,1
DA:520,2
DA:523,1
DA:525,3
DA:530,1
DA:532,2
DA:536,1
DA:537,0
DA:549,1
DA:550,1
DA:552,1
DA:553,1
DA:555,1
DA:557,1
DA:558,1
DA:561,3
DA:564,1
DA:566,3
DA:571,1
DA:573,2
DA:577,1
DA:578,0
DA:587,0
DA:588,0
DA:589,0
DA:592,0
DA:593,0
DA:594,0
DA:604,0
DA:607,0
LF:241
LH:47
end_of_record
SF:lib\features\ecommerce\presentation\widgets\product_image_gallery.dart
DA:11,0
DA:18,0
DA:19,0
DA:26,0
DA:28,0
DA:29,0
DA:30,0
DA:33,0
DA:35,0
DA:36,0
DA:39,0
DA:41,0
DA:42,0
DA:45,0
DA:46,0
DA:48,0
DA:53,0
DA:58,0
DA:59,0
DA:61,0
DA:63,0
DA:64,0
DA:65,0
DA:67,0
DA:68,0
DA:69,0
DA:70,0
DA:72,0
DA:73,0
DA:74,0
DA:75,0
DA:76,0
DA:77,0
DA:79,0
DA:81,0
DA:82,0
DA:87,0
DA:88,0
DA:92,0
DA:96,0
DA:97,0
DA:101,0
DA:103,0
DA:107,0
DA:116,0
DA:117,0
DA:118,0
DA:119,0
DA:120,0
DA:122,0
DA:123,0
DA:128,0
DA:129,0
DA:140,0
DA:141,0
DA:143,0
DA:145,0
DA:146,0
DA:147,0
DA:151,0
DA:153,0
DA:154,0
DA:155,0
DA:162,0
DA:168,0
DA:170,0
DA:171,0
DA:173,0
DA:175,0
DA:176,0
DA:179,0
DA:181,0
DA:188,0
DA:189,0
DA:191,0
DA:193,0
DA:195,0
DA:197,0
DA:198,0
DA:199,0
DA:201,0
DA:202,0
DA:203,0
DA:207,0
DA:208,0
DA:209,0
DA:211,0
DA:216,0
DA:217,0
DA:218,0
DA:219,0
DA:221,0
DA:222,0
DA:224,0
DA:225,0
DA:237,0
DA:238,0
DA:240,0
DA:242,0
DA:243,0
DA:244,0
DA:266,0
DA:267,0
DA:268,0
DA:270,0
DA:275,0
DA:278,0
DA:279,0
DA:280,0
DA:284,0
DA:285,0
DA:286,0
DA:290,0
DA:291,0
DA:294,0
DA:296,0
DA:297,0
DA:298,0
DA:299,0
DA:300,0
DA:301,0
DA:303,0
DA:306,0
DA:316,0
DA:319,0
DA:320,0
LF:126
LH:0
end_of_record
SF:lib\features\ecommerce\presentation\widgets\quantity_selector.dart
DA:11,0
DA:20,0
DA:22,0
DA:23,0
DA:25,0
DA:26,0
DA:27,0
DA:28,0
DA:30,0
DA:32,0
DA:34,0
DA:37,0
DA:38,0
DA:43,0
DA:46,0
DA:47,0
DA:49,0
DA:51,0
DA:57,0
DA:60,0
DA:61,0
DA:69,0
DA:74,0
DA:76,0
DA:78,0
DA:80,0
DA:81,0
DA:83,0
DA:87,0
DA:88,0
DA:106,0
DA:117,0
DA:119,0
DA:121,0
DA:123,0
DA:124,0
DA:125,0
DA:126,0
DA:130,0
DA:132,0
DA:133,0
DA:134,0
DA:135,0
DA:139,0
DA:140,0
DA:141,0
DA:142,0
DA:143,0
DA:144,0
DA:145,0
DA:146,0
DA:147,0
DA:150,0
DA:151,0
DA:152,0
DA:153,0
DA:154,0
DA:171,0
DA:179,0
DA:181,0
DA:182,0
DA:184,0
DA:185,0
DA:186,0
DA:187,0
DA:189,0
DA:191,0
DA:193,0
DA:196,0
DA:197,0
DA:202,0
DA:205,0
DA:206,0
DA:208,0
DA:215,0
DA:218,0
DA:219,0
DA:227,0
DA:232,0
DA:234,0
DA:236,0
DA:238,0
DA:239,0
DA:241,0
DA:245,0
DA:246,0
LF:86
LH:0
end_of_record
SF:lib\features\ecommerce\presentation\widgets\variant_selector.dart
DA:11,0
DA:20,0
DA:22,0
DA:24,0
DA:26,0
DA:27,0
DA:28,0
DA:29,0
DA:34,0
DA:37,0
DA:40,0
DA:41,0
DA:42,0
DA:48,0
DA:54,0
DA:55,0
DA:57,0
DA:58,0
DA:60,0
DA:61,0
DA:62,0
DA:63,0
DA:64,0
DA:66,0
DA:67,0
DA:81,0
DA:89,0
DA:91,0
DA:93,0
DA:95,0
DA:96,0
DA:98,0
DA:103,0
DA:106,0
DA:109,0
DA:110,0
DA:111,0
DA:113,0
DA:119,0
DA:125,0
DA:126,0
DA:128,0
DA:130,0
DA:131,0
DA:132,0
DA:135,0
DA:136,0
DA:138,0
DA:140,0
DA:141,0
DA:146,0
DA:148,0
DA:154,0
DA:155,0
DA:156,0
DA:165,0
DA:167,0
DA:168,0
DA:179,0
DA:187,0
DA:189,0
DA:191,0
DA:193,0
DA:194,0
DA:196,0
DA:201,0
DA:204,0
DA:207,0
DA:208,0
DA:209,0
DA:215,0
DA:221,0
DA:222,0
DA:224,0
DA:226,0
DA:229,0
DA:231,0
DA:232,0
DA:233,0
DA:235,0
DA:236,0
DA:238,0
DA:240,0
DA:241,0
DA:243,0
DA:245,0
DA:246,0
DA:261,0
DA:274,0
DA:282,0
DA:284,0
DA:285,0
DA:286,0
DA:287,0
DA:289,0
DA:291,0
DA:294,0
DA:295,0
DA:296,0
DA:299,0
LF:100
LH:0
end_of_record
SF:lib\features\ecommerce\presentation\widgets\rating_bar.dart
DA:13,0
DA:24,0
DA:26,0
DA:27,0
DA:28,0
DA:30,0
DA:32,0
DA:33,0
DA:34,0
DA:35,0
DA:36,0
DA:38,0
DA:39,0
DA:40,0
DA:42,0
DA:44,0
DA:56,0
DA:63,0
DA:65,0
DA:69,0
DA:70,0
DA:71,0
DA:73,0
DA:76,0
DA:77,0
DA:78,0
DA:80,0
DA:87,0
DA:89,0
DA:98,0
DA:100,0
DA:103,0
DA:115,0
DA:124,0
DA:126,0
DA:128,0
DA:130,0
DA:131,0
DA:132,0
DA:133,0
DA:136,0
DA:138,0
DA:139,0
DA:140,0
DA:141,0
DA:158,0
DA:167,0
DA:168,0
DA:174,0
DA:176,0
DA:177,0
DA:180,0
DA:182,0
DA:184,0
DA:186,0
DA:187,0
DA:188,0
DA:189,0
DA:190,0
DA:194,0
DA:195,0
DA:196,0
DA:197,0
DA:198,0
DA:199,0
DA:201,0
DA:202,0
DA:203,0
DA:205,0
DA:209,0
DA:210,0
DA:211,0
LF:72
LH:0
end_of_record
SF:lib\features\auth\domain\usecases\login_usecase.dart
DA:10,1
DA:13,1
DA:17,2
LF:3
LH:3
end_of_record
SF:lib\features\ecommerce\presentation\screens\product_search_screen.dart
DA:17,3
DA:23,1
DA:24,1
DA:33,1
DA:35,1
DA:36,5
DA:39,2
DA:40,4
DA:44,3
DA:47,3
DA:48,1
DA:52,1
DA:54,2
DA:55,2
DA:56,1
DA:59,1
DA:60,2
DA:63,2
DA:64,0
DA:67,1
DA:68,2
DA:72,0
DA:73,0
DA:74,0
DA:75,0
DA:79,0
DA:80,0
DA:81,0
DA:85,0
DA:86,0
DA:87,0
DA:92,0
DA:93,0
DA:94,0
DA:95,0
DA:96,0
DA:102,0
DA:103,0
DA:104,0
DA:108,0
DA:109,0
DA:110,0
DA:111,0
DA:112,0
DA:113,0
DA:117,0
DA:118,0
DA:124,0
DA:125,0
DA:126,0
DA:130,1
DA:132,1
DA:133,3
DA:135,1
DA:136,1
DA:138,1
DA:140,1
DA:142,1
DA:143,1
DA:144,1
DA:147,3
DA:148,1
DA:149,0
DA:150,0
DA:151,0
DA:156,1
DA:157,1
DA:161,1
DA:162,0
DA:163,0
DA:169,1
DA:170,1
DA:172,3
DA:173,1
DA:175,1
DA:176,3
DA:177,1
DA:178,1
DA:179,3
DA:183,1
DA:184,1
DA:186,1
DA:187,1
DA:188,1
DA:189,2
DA:194,1
DA:195,1
DA:196,1
DA:197,1
DA:206,1
DA:207,1
DA:213,1
DA:214,1
DA:215,2
DA:216,1
DA:224,1
DA:225,1
DA:232,1
DA:233,3
DA:237,3
DA:238,1
DA:239,1
DA:241,1
DA:242,1
DA:245,4
DA:248,1
DA:250,4
DA:253,1
DA:254,2
DA:255,4
DA:259,1
DA:260,0
DA:268,4
DA:269,1
DA:270,1
DA:272,1
DA:273,1
DA:276,4
DA:279,1
DA:281,4
DA:284,1
DA:286,4
DA:293,2
DA:294,1
DA:295,1
DA:297,1
DA:298,1
DA:301,4
DA:304,1
DA:306,4
DA:309,1
DA:311,4
DA:318,2
DA:321,1
DA:322,1
DA:323,0
DA:324,1
DA:325,1
DA:333,4
DA:334,1
DA:335,3
DA:339,2
DA:340,1
DA:342,0
DA:349,0
DA:350,0
DA:351,0
DA:352,0
DA:353,0
DA:355,0
DA:356,0
DA:357,0
DA:364,0
DA:365,0
DA:367,0
DA:369,0
DA:371,0
LF:157
LH:106
end_of_record
SF:lib\features\ecommerce\presentation\widgets\product_card.dart
DA:11,1
DA:17,1
DA:19,1
DA:20,1
DA:21,2
DA:22,3
DA:24,1
DA:27,1
DA:28,1
DA:30,1
DA:31,1
DA:32,1
DA:33,1
DA:35,1
DA:37,1
DA:39,1
DA:40,1
DA:42,1
DA:44,1
DA:45,2
DA:47,3
DA:48,1
DA:52,1
DA:53,3
DA:55,0
DA:56,0
DA:57,0
DA:58,0
DA:60,0
DA:67,0
DA:68,0
DA:69,0
DA:71,0
DA:78,1
DA:81,1
DA:82,1
DA:83,1
DA:85,1
DA:86,1
DA:87,1
DA:93,1
DA:94,0
DA:95,0
DA:97,1
DA:99,1
DA:112,2
DA:113,0
DA:116,0
DA:121,0
DA:122,0
DA:123,0
DA:125,0
DA:126,0
DA:127,0
DA:128,0
DA:136,2
DA:137,0
DA:138,0
DA:139,0
DA:140,0
DA:141,0
DA:143,0
DA:156,1
DA:158,1
DA:160,1
DA:162,1
DA:164,2
DA:165,1
DA:166,2
DA:167,3
DA:168,1
DA:175,1
DA:178,1
DA:179,2
DA:180,3
DA:187,1
DA:190,3
DA:191,1
DA:192,1
DA:193,1
DA:199,1
DA:200,3
DA:201,3
DA:202,1
DA:205,4
DA:207,1
DA:208,3
DA:209,3
DA:210,1
DA:217,1
DA:220,1
DA:221,1
DA:223,1
DA:224,4
DA:225,3
DA:227,1
DA:232,2
DA:234,0
DA:235,0
DA:236,0
DA:238,0
DA:243,1
DA:246,1
DA:247,1
DA:248,3
DA:249,1
DA:251,1
DA:252,2
DA:253,0
DA:254,0
DA:255,0
DA:256,0
DA:257,0
DA:263,1
DA:265,3
LF:115
LH:80
end_of_record
SF:lib\features\ecommerce\presentation\widgets\filter_bottom_sheet.dart
DA:12,0
DA:20,0
DA:21,0
DA:24,0
DA:31,0
DA:35,0
DA:50,0
DA:52,0
DA:53,0
DA:54,0
DA:55,0
DA:58,0
DA:60,0
DA:61,0
DA:62,0
DA:65,0
DA:67,0
DA:68,0
DA:70,0
DA:71,0
DA:72,0
DA:75,0
DA:79,0
DA:80,0
DA:81,0
DA:83,0
DA:87,0
DA:88,0
DA:89,0
DA:94,0
DA:96,0
DA:97,0
DA:98,0
DA:100,0
DA:105,0
DA:106,0
DA:116,0
DA:117,0
DA:120,0
DA:122,0
DA:123,0
DA:124,0
DA:129,0
DA:130,0
DA:131,0
DA:136,0
DA:137,0
DA:138,0
DA:141,0
DA:142,0
DA:143,0
DA:146,0
DA:147,0
DA:148,0
DA:151,0
DA:152,0
DA:153,0
DA:159,0
DA:161,0
DA:162,0
DA:163,0
DA:164,0
DA:165,0
DA:169,0
DA:170,0
DA:171,0
DA:172,0
DA:173,0
DA:178,0
DA:179,0
DA:180,0
DA:194,0
DA:195,0
DA:197,0
DA:199,0
DA:206,0
DA:207,0
DA:210,0
DA:211,0
DA:212,0
DA:213,0
DA:215,0
DA:216,0
DA:217,0
DA:223,0
DA:227,0
DA:228,0
DA:231,0
DA:232,0
DA:233,0
DA:234,0
DA:236,0
DA:237,0
DA:238,0
DA:244,0
DA:248,0
DA:249,0
DA:250,0
DA:251,0
DA:252,0
DA:253,0
DA:260,0
DA:261,0
DA:262,0
DA:263,0
DA:271,0
DA:272,0
DA:273,0
DA:280,0
DA:281,0
DA:282,0
DA:283,0
DA:292,0
DA:293,0
DA:294,0
DA:295,0
DA:296,0
DA:297,0
DA:298,0
DA:299,0
DA:300,0
DA:301,0
DA:306,0
DA:307,0
DA:310,0
DA:311,0
DA:312,0
DA:313,0
DA:314,0
DA:321,0
DA:325,0
DA:326,0
DA:329,0
DA:330,0
DA:331,0
DA:332,0
DA:339,0
DA:340,0
DA:343,0
DA:344,0
DA:345,0
DA:346,0
DA:353,0
DA:354,0
DA:355,0
DA:356,0
DA:357,0
DA:361,0
DA:362,0
DA:363,0
LF:150
LH:0
end_of_record
SF:lib\features\ecommerce\presentation\widgets\sort_bottom_sheet.dart
DA:11,0
DA:18,0
DA:20,0
DA:21,0
DA:23,0
DA:24,0
DA:25,0
DA:28,0
DA:30,0
DA:32,0
DA:36,0
DA:37,0
DA:38,0
DA:43,0
DA:45,0
DA:46,0
DA:47,0
DA:49,0
DA:54,0
DA:55,0
DA:65,0
DA:66,0
DA:69,0
DA:70,0
DA:77,0
DA:84,0
DA:91,0
DA:98,0
DA:105,0
DA:122,0
DA:129,0
DA:130,0
DA:131,0
DA:133,0
DA:136,0
DA:137,0
DA:138,0
DA:140,0
DA:142,0
DA:144,0
DA:146,0
DA:149,0
DA:151,0
DA:153,0
DA:158,0
DA:160,0
DA:162,0
DA:163,0
DA:164,0
DA:165,0
DA:166,0
DA:169,0
DA:171,0
DA:176,0
DA:178,0
DA:183,0
DA:188,0
DA:190,0
DA:195,0
DA:198,0
DA:200,0
DA:202,0
DA:204,0
DA:207,0
DA:209,0
DA:210,0
DA:214,0
DA:215,0
DA:219,0
DA:222,0
DA:224,0
DA:225,0
DA:227,0
DA:229,0
DA:231,0
DA:233,0
DA:239,0
DA:245,0
DA:248,0
LF:79
LH:0
end_of_record
SF:lib\main.dart
DA:8,1
DA:10,1
DA:13,1
DA:21,1
DA:23,1
DA:25,2
DA:27,1
DA:29,1
LF:8
LH:8
end_of_record
SF:lib\bootstrap.dart
DA:7,1
DA:9,1
DA:12,1
DA:22,2
DA:34,0
DA:42,0
DA:47,0
DA:49,0
DA:50,0
LF:9
LH:4
end_of_record
SF:lib\core\router\app_router.dart
DA:13,4
DA:14,1
DA:16,1
DA:18,1
DA:20,1
DA:24,1
DA:26,0
DA:28,1
DA:30,0
DA:34,1
DA:36,0
DA:38,1
DA:40,0
DA:42,1
DA:44,0
DA:45,0
DA:46,0
LF:17
LH:10
end_of_record
SF:lib\features\auth\presentation\screens\simple_home_screen.dart
DA:6,1
DA:8,1
DA:10,1
DA:11,1
LF:4
LH:4
end_of_record
SF:lib\features\auth\presentation\pages\login_screen.dart
DA:14,1
DA:16,0
DA:17,0
DA:25,0
DA:27,0
DA:28,0
DA:29,0
DA:32,0
DA:33,0
DA:38,0
DA:39,0
DA:40,0
DA:43,0
DA:44,0
DA:45,0
DA:46,0
DA:50,0
DA:51,0
DA:56,0
DA:57,0
DA:58,0
DA:62,0
DA:64,0
DA:65,0
DA:67,0
DA:68,0
DA:69,0
DA:71,0
DA:72,0
DA:73,0
DA:75,0
DA:79,0
DA:80,0
DA:81,0
DA:84,0
DA:87,0
DA:89,0
DA:91,0
DA:95,0
DA:97,0
DA:98,0
DA:108,0
DA:109,0
DA:113,0
DA:114,0
DA:117,0
DA:118,0
DA:123,0
DA:129,0
DA:130,0
DA:134,0
DA:135,0
DA:138,0
DA:143,0
DA:149,0
DA:150,0
DA:160,0
DA:166,0
DA:167,0
DA:168,0
DA:170,0
DA:172,0
DA:179,0
DA:180,0
DA:181,0
DA:182,0
DA:184,0
DA:186,0
DA:187,0
DA:191,0
DA:198,0
DA:199,0
DA:200,0
DA:201,0
DA:202,0
DA:204,0
DA:205,0
DA:214,0
DA:216,0
DA:217,0
DA:218,0
DA:220,0
DA:221,0
DA:222,0
DA:224,0
DA:228,0
DA:230,0
DA:235,0
DA:237,0
LF:89
LH:1
end_of_record
SF:lib\features\auth\presentation\pages\register_screen.dart
DA:12,2
DA:14,0
DA:15,0
DA:25,0
DA:27,0
DA:28,0
DA:29,0
DA:30,0
DA:31,0
DA:34,0
DA:35,0
DA:39,0
DA:40,0
DA:45,0
DA:46,0
DA:47,0
DA:48,0
DA:51,0
DA:52,0
DA:53,0
DA:56,0
DA:57,0
DA:62,0
DA:64,0
DA:65,0
DA:67,0
DA:68,0
DA:70,0
DA:73,0
DA:74,0
DA:76,0
DA:77,0
DA:78,0
DA:80,0
DA:84,0
DA:86,0
DA:88,0
DA:95,0
DA:97,0
DA:98,0
DA:106,0
DA:107,0
DA:110,0
DA:111,0
DA:114,0
DA:119,0
DA:125,0
DA:126,0
DA:130,0
DA:131,0
DA:134,0
DA:135,0
DA:140,0
DA:146,0
DA:147,0
DA:151,0
DA:152,0
DA:155,0
DA:160,0
DA:166,0
DA:167,0
DA:171,0
DA:172,0
DA:175,0
DA:180,0
DA:186,0
DA:187,0
DA:197,0
DA:203,0
DA:205,0
DA:206,0
DA:214,0
DA:216,0
DA:217,0
DA:219,0
DA:221,0
DA:222,0
DA:224,0
DA:225,0
DA:227,0
DA:228,0
LF:81
LH:1
end_of_record
SF:lib\features\ecommerce\presentation\screens\trending_products_screen.dart
DA:10,1
DA:15,0
DA:16,0
DA:24,0
DA:26,0
DA:27,0
DA:28,0
DA:31,0
DA:33,0
DA:34,0
DA:35,0
DA:38,0
DA:40,0
DA:41,0
DA:42,0
DA:43,0
DA:45,0
DA:48,0
DA:49,0
DA:50,0
DA:51,0
DA:52,0
DA:53,0
DA:54,0
DA:55,0
DA:64,0
DA:65,0
DA:66,0
DA:68,0
DA:71,0
DA:72,0
DA:73,0
DA:74,0
DA:75,0
DA:76,0
DA:77,0
DA:78,0
DA:84,0
DA:85,0
DA:98,0
DA:99,0
DA:101,0
DA:106,0
DA:107,0
DA:109,0
DA:114,0
DA:115,0
DA:117,0
DA:122,0
DA:123,0
DA:125,0
DA:130,0
DA:135,0
DA:136,0
DA:139,0
DA:140,0
DA:142,0
DA:144,0
DA:146,0
DA:154,0
DA:155,0
DA:156,0
DA:157,0
DA:159,0
DA:167,0
DA:168,0
DA:170,0
DA:171,0
DA:173,0
DA:175,0
DA:176,0
DA:179,0
DA:182,0
DA:184,0
DA:189,0
DA:191,0
DA:195,0
DA:196,0
DA:208,0
DA:213,0
DA:214,0
DA:215,0
DA:222,0
DA:223,0
DA:224,0
DA:234,0
DA:245,0
DA:246,0
DA:247,0
DA:251,0
DA:260,0
DA:271,0
DA:272,0
DA:273,0
DA:274,0
DA:278,0
DA:288,0
DA:300,0
DA:309,0
DA:324,0
DA:325,0
DA:326,0
DA:335,0
DA:347,0
DA:357,0
DA:372,0
DA:373,0
DA:374,0
DA:383,0
DA:394,0
DA:399,0
DA:400,0
DA:401,0
DA:410,0
DA:421,0
DA:422,0
DA:423,0
DA:424,0
LF:118
LH:1
end_of_record
SF:lib\core\storage\secure_storage_service.dart
DA:17,0
DA:19,0
DA:21,0
DA:23,0
DA:29,0
DA:31,0
DA:33,0
DA:35,0
DA:41,0
DA:43,0
DA:45,0
DA:47,0
DA:53,0
DA:55,0
DA:57,0
DA:59,0
DA:65,0
DA:67,0
DA:69,0
DA:71,0
DA:77,0
DA:79,0
DA:81,0
DA:83,0
DA:89,0
DA:91,0
DA:93,0
DA:95,0
DA:101,0
DA:103,0
DA:105,0
DA:107,0
DA:113,0
DA:115,0
DA:116,0
DA:123,0
DA:125,0
DA:127,0
DA:129,0
DA:135,0
DA:137,0
DA:139,0
DA:140,0
DA:141,0
DA:147,0
DA:149,0
DA:156,0
DA:158,0
DA:160,0
DA:162,0
LF:50
LH:0
end_of_record
SF:lib\core\theme\app_theme.dart
DA:8,1
DA:9,1
DA:43,1
DA:44,1
DA:49,1
DA:50,1
DA:64,1
DA:65,1
DA:68,1
DA:69,1
DA:83,1
DA:84,1
DA:94,1
DA:97,1
DA:98,1
DA:101,1
DA:102,1
DA:105,1
DA:106,1
DA:109,1
DA:110,1
DA:113,1
DA:114,1
DA:260,1
DA:268,1
DA:269,1
DA:274,1
DA:275,1
DA:276,0
DA:281,1
DA:282,0
LF:31
LH:29
end_of_record
SF:lib\core\utils\app_utils.dart
DA:8,0
DA:13,0
DA:14,0
DA:15,0
DA:16,0
DA:22,0
DA:23,0
DA:33,0
DA:34,0
DA:41,0
DA:46,0
DA:47,0
DA:48,0
DA:49,0
DA:55,0
DA:56,0
DA:66,0
DA:67,0
DA:74,0
DA:79,0
DA:80,0
DA:81,0
DA:82,0
DA:88,0
DA:89,0
DA:99,0
DA:100,0
DA:107,0
DA:108,0
DA:111,0
DA:112,0
DA:113,0
DA:115,0
DA:117,0
DA:119,0
DA:123,0
DA:125,0
DA:142,0
DA:143,0
DA:147,0
DA:154,0
DA:156,0
DA:157,0
DA:158,0
DA:159,0
DA:160,0
DA:161,0
DA:162,0
DA:164,0
DA:165,0
DA:166,0
DA:174,0
DA:175,0
DA:178,0
DA:179,0
DA:180,0
DA:181,0
DA:183,0
DA:187,0
DA:188,0
DA:192,0
DA:193,0
DA:196,0
DA:203,0
DA:205,0
DA:206,0
DA:208,0
DA:209,0
DA:213,0
DA:214,0
DA:218,0
DA:219,0
DA:223,0
DA:224,0
DA:228,0
DA:229,0
DA:233,0
DA:234,0
DA:238,0
DA:239,0
DA:243,0
DA:244,0
DA:245,0
DA:249,0
DA:250,0
DA:253,0
DA:254,0
DA:257,0
DA:258,0
LF:89
LH:0
end_of_record
SF:lib\features\auth\data\datasources\auth_remote_data_source_impl.dart
DA:17,0
DA:25,0
DA:28,0
DA:29,0
DA:30,0
DA:34,0
DA:40,0
DA:41,0
DA:44,0
DA:45,0
DA:48,0
DA:51,0
DA:52,0
DA:53,0
DA:56,0
DA:58,0
DA:61,0
DA:62,0
DA:63,0
DA:64,0
DA:65,0
DA:66,0
DA:71,0
DA:74,0
DA:78,0
DA:86,0
DA:87,0
DA:88,0
DA:92,0
DA:93,0
DA:94,0
DA:95,0
DA:96,0
DA:100,0
DA:101,0
DA:103,0
DA:104,0
DA:107,0
DA:109,0
DA:110,0
DA:111,0
DA:114,0
DA:116,0
DA:119,0
DA:120,0
DA:121,0
DA:122,0
DA:123,0
DA:124,0
DA:129,0
DA:132,0
DA:136,0
DA:139,0
DA:140,0
DA:141,0
DA:147,0
DA:148,0
DA:149,0
DA:150,0
DA:153,0
DA:155,0
DA:158,0
DA:159,0
DA:160,0
DA:161,0
DA:163,0
DA:166,0
DA:170,0
DA:173,0
DA:174,0
DA:175,0
DA:180,0
DA:181,0
DA:182,0
DA:184,0
DA:185,0
DA:186,0
DA:189,0
DA:191,0
DA:194,0
DA:195,0
DA:196,0
DA:197,0
DA:198,0
DA:199,0
DA:204,0
DA:207,0
DA:211,0
DA:214,0
DA:215,0
DA:216,0
DA:222,0
DA:223,0
DA:225,0
DA:226,0
DA:229,0
DA:231,0
DA:232,0
DA:233,0
DA:236,0
DA:238,0
DA:241,0
DA:242,0
DA:243,0
DA:244,0
DA:245,0
DA:246,0
DA:251,0
DA:254,0
DA:258,0
DA:267,0
DA:268,0
DA:269,0
DA:270,0
DA:271,0
DA:272,0
DA:274,0
DA:275,0
DA:276,0
DA:280,0
DA:283,0
DA:284,0
DA:285,0
DA:287,0
DA:288,0
DA:289,0
DA:292,0
DA:294,0
DA:297,0
DA:298,0
DA:299,0
DA:300,0
DA:301,0
DA:302,0
DA:307,0
DA:310,0
DA:314,0
DA:320,0
DA:321,0
DA:322,0
DA:326,0
DA:332,0
DA:333,0
DA:334,0
DA:335,0
DA:338,0
DA:340,0
DA:343,0
DA:344,0
DA:345,0
DA:346,0
DA:348,0
DA:351,0
DA:355,0
DA:358,0
DA:359,0
DA:360,0
DA:365,0
DA:366,0
DA:367,0
DA:368,0
DA:371,0
DA:373,0
DA:376,0
DA:377,0
DA:378,0
DA:379,0
DA:381,0
DA:384,0
DA:389,0
DA:391,0
DA:393,0
DA:394,0
DA:395,0
LF:174
LH:0
end_of_record
SF:lib\features\auth\domain\entities\auth_state.dart
DA:6,1
DA:9,0
DA:12,0
DA:15,0
DA:18,0
DA:19,0
DA:20,0
DA:26,0
DA:27,0
DA:28,0
DA:35,1
DA:39,1
DA:44,0
DA:48,1
DA:53,0
LF:15
LH:4
end_of_record
SF:lib\features\auth\domain\usecases\get_current_user_usecase.dart
DA:10,0
DA:13,0
DA:14,0
LF:3
LH:0
end_of_record
SF:lib\features\auth\domain\usecases\logout_usecase.dart
DA:9,0
DA:12,0
DA:13,0
LF:3
LH:0
end_of_record
SF:lib\features\auth\presentation\components\auth_button.dart
DA:15,0
DA:29,0
DA:41,0
DA:43,0
DA:44,0
DA:46,0
DA:47,0
DA:48,0
DA:49,0
DA:50,0
DA:51,0
DA:52,0
DA:53,0
DA:55,0
DA:57,0
DA:58,0
DA:62,0
DA:63,0
DA:64,0
DA:66,0
DA:70,0
DA:71,0
DA:72,0
DA:73,0
DA:74,0
DA:75,0
DA:76,0
DA:79,0
DA:80,0
DA:82,0
DA:83,0
DA:84,0
DA:85,0
DA:87,0
DA:91,0
DA:92,0
DA:93,0
DA:96,0
DA:97,0
DA:100,0
DA:102,0
DA:103,0
DA:104,0
DA:105,0
DA:110,0
DA:112,0
DA:120,0
DA:121,0
DA:122,0
DA:126,0
DA:130,0
DA:143,0
DA:153,0
DA:155,0
DA:156,0
DA:158,0
DA:159,0
DA:160,0
DA:163,0
DA:164,0
DA:166,0
DA:167,0
DA:170,0
DA:171,0
DA:173,0
DA:175,0
DA:176,0
DA:177,0
DA:180,0
DA:182,0
DA:183,0
DA:188,0
DA:189,0
DA:191,0
DA:192,0
DA:193,0
LF:76
LH:0
end_of_record
SF:lib\features\auth\presentation\components\auth_text_field.dart
DA:20,0
DA:38,0
DA:40,0
DA:42,0
DA:44,0
DA:45,0
DA:46,0
DA:47,0
DA:48,0
DA:50,0
DA:55,0
DA:56,0
DA:57,0
DA:58,0
DA:59,0
DA:60,0
DA:61,0
DA:62,0
DA:63,0
DA:64,0
DA:65,0
DA:66,0
DA:67,0
DA:68,0
DA:69,0
DA:70,0
DA:72,0
DA:73,0
DA:74,0
DA:75,0
DA:78,0
DA:80,0
DA:81,0
DA:82,0
DA:83,0
DA:84,0
DA:88,0
DA:89,0
DA:90,0
DA:91,0
DA:95,0
DA:96,0
DA:97,0
DA:98,0
DA:102,0
DA:103,0
DA:104,0
DA:105,0
DA:109,0
DA:110,0
DA:111,0
DA:112,0
DA:116,0
DA:117,0
DA:118,0
DA:119,0
DA:127,0
DA:128,0
LF:58
LH:0
end_of_record
SF:lib\features\auth\presentation\notifiers\auth_provider.dart
DA:18,0
DA:19,0
DA:23,0
DA:24,0
DA:28,0
DA:29,0
DA:30,0
DA:31,0
DA:36,0
DA:37,0
DA:38,0
DA:43,0
DA:44,0
DA:53,0
DA:54,0
DA:58,0
DA:59,0
DA:69,0
DA:78,0
DA:81,0
DA:82,0
DA:84,0
DA:86,0
DA:87,0
DA:88,0
DA:93,0
DA:97,0
DA:99,0
DA:104,0
DA:105,0
DA:106,0
DA:111,0
DA:117,0
DA:120,0
DA:124,0
DA:125,0
DA:127,0
DA:129,0
DA:130,0
DA:131,0
DA:136,0
DA:139,0
DA:142,0
DA:145,0
DA:149,0
DA:150,0
DA:151,0
DA:153,0
DA:154,0
DA:159,0
DA:160,0
DA:164,0
DA:165,0
DA:169,0
DA:170,0
DA:174,0
DA:175,0
DA:179,0
DA:180,0
DA:184,0
DA:185,0
DA:187,0
DA:189,0
DA:196,0
DA:197,0
DA:198,0
LF:66
LH:0
end_of_record
SF:lib\features\auth\presentation\pages\home_screen.dart
DA:7,1
DA:9,0
DA:11,0
DA:13,0
DA:14,0
DA:15,0
DA:16,0
DA:18,0
DA:19,0
DA:21,0
DA:23,0
DA:28,0
DA:29,0
DA:31,0
DA:33,0
DA:34,0
DA:37,0
DA:40,0
DA:42,0
DA:47,0
DA:49,0
DA:53,0
DA:54,0
DA:55,0
LF:24
LH:1
end_of_record
